<?xml version="1.0" encoding="UTF-8"?>
<testsuite name="Creacion de una reunion de equipo" tests="1" skipped="0" failures="1" errors="0" timestamp="2021-04-28T13:18:18" hostname="MacBook-Pro-de-SBMEDADMIN.local" time="30.017">
  <properties/>
  <testcase name="creacion de unidad de negocio StartShape" classname="Creacion de una reunion de equipo" time="30.017">
    <failure message="java.lang.AssertionError: Expected net.serenitybdd.screenplay.QuestionSubject@77b5892f&#10;Expected: is &lt;true&gt;&#10;     but: was &lt;false&gt;" type="java.lang.AssertionError">java.lang.AssertionError: Expected net.serenitybdd.screenplay.QuestionSubject@77b5892f
Expected: is &lt;true&gt;
     but: was &lt;false&gt;
	at net.serenitybdd.screenplay.ErrorTally.throwSummaryExceptionFrom(ErrorTally.java:36)
	at net.serenitybdd.screenplay.ErrorTally.reportAnyErrors(ErrorTally.java:30)
	at net.serenitybdd.screenplay.Actor.should(Actor.java:187)
	at co.com.prueba.certificacion.stepdefinitions.unidadNegocioStepdefinition.visualizoLaUnidadDeNegocioCreada(unidadNegocioStepdefinition.java:51)
	at ✽.Visualizo la unidad de negocio creada(src/test/resources/features/startshape.feature:14)
</failure>
  </testcase>
  <system-out><![CDATA[]]></system-out>
  <system-err><![CDATA[Starting ChromeDriver 90.0.4430.24 (4c6d850f087da467d926e8eddb76550aed655991-refs/branch-heads/4430@{#429}) on port 16196
Only local connections are allowed.
Please see https://chromedriver.chromium.org/security-considerations for suggestions on keeping ChromeDriver safe.
ChromeDriver was started successfully.
abr 28, 2021 8:18:21 AM org.openqa.selenium.remote.ProtocolHandshake createSession
INFORMACIÓN: Detected dialect: W3C
[Test worker] ERROR net.serenitybdd.core.Serenity - 
           __  _____ _____ ____ _____   _____ _    ___ _     _____ ____  
  _       / / |_   _| ____/ ___|_   _| |  ___/ \  |_ _| |   | ____|  _ \ 
 (_)_____| |    | | |  _| \___ \ | |   | |_ / _ \  | || |   |  _| | | | |
  _|_____| |    | | | |___ ___) || |   |  _/ ___ \ | || |___| |___| |_| |
 (_)     | |    |_| |_____|____/ |_|   |_|/_/   \_\___|_____|_____|____/ 
          \_\                                                            

TEST FAILED: creacion de unidad de negocio StartShape
--------------------------------------------------------------------------
[Test worker] ERROR net.serenitybdd.core.Serenity - TEST FAILED AT STEP Then unidad de negocio
[Test worker] ERROR net.serenitybdd.core.Serenity - Expected net.serenitybdd.screenplay.QuestionSubject@77b5892fExpected: is <true> but: was <false>
]]></system-err>
</testsuite>
